Determining if the pthread_create exist failed with the following output:
Change Dir: /home/jakub/FIT-2016-2019/IVS/Project1/CMakeFiles/CMakeTmp

Run Build Command:"/usr/bin/make" "cmTC_ae1c5/fast"
/usr/bin/make -f CMakeFiles/cmTC_ae1c5.dir/build.make CMakeFiles/cmTC_ae1c5.dir/build
make[1]: Entering directory '/home/jakub/FIT-2016-2019/IVS/Project1/CMakeFiles/CMakeTmp'
Building C object CMakeFiles/cmTC_ae1c5.dir/CheckSymbolExists.c.o
/usr/bin/cc    -g -O0 -fprofile-arcs -ftest-coverage    -o CMakeFiles/cmTC_ae1c5.dir/CheckSymbolExists.c.o   -c /home/jakub/FIT-2016-2019/IVS/Project1/CMakeFiles/CMakeTmp/CheckSymbolExists.c
Linking C executable cmTC_ae1c5
/usr/bin/cmake -E cmake_link_script CMakeFiles/cmTC_ae1c5.dir/link.txt --verbose=1
/usr/bin/cc   -g -O0 -fprofile-arcs -ftest-coverage     CMakeFiles/cmTC_ae1c5.dir/CheckSymbolExists.c.o  -o cmTC_ae1c5 -rdynamic 
CMakeFiles/cmTC_ae1c5.dir/CheckSymbolExists.c.o: In function `main':
/home/jakub/FIT-2016-2019/IVS/Project1/CMakeFiles/CMakeTmp/CheckSymbolExists.c:8: undefined reference to `pthread_create'
collect2: error: ld returned 1 exit status
CMakeFiles/cmTC_ae1c5.dir/build.make:97: recipe for target 'cmTC_ae1c5' failed
make[1]: *** [cmTC_ae1c5] Error 1
make[1]: Leaving directory '/home/jakub/FIT-2016-2019/IVS/Project1/CMakeFiles/CMakeTmp'
Makefile:126: recipe for target 'cmTC_ae1c5/fast' failed
make: *** [cmTC_ae1c5/fast] Error 2

File /home/jakub/FIT-2016-2019/IVS/Project1/CMakeFiles/CMakeTmp/CheckSymbolExists.c:
/* */
#include <pthread.h>

int main(int argc, char** argv)
{
  (void)argv;
#ifndef pthread_create
  return ((int*)(&pthread_create))[argc];
#else
  (void)argc;
  return 0;
#endif
}

Determining if the function pthread_create exists in the pthreads failed with the following output:
Change Dir: /home/jakub/FIT-2016-2019/IVS/Project1/CMakeFiles/CMakeTmp

Run Build Command:"/usr/bin/make" "cmTC_b25f3/fast"
/usr/bin/make -f CMakeFiles/cmTC_b25f3.dir/build.make CMakeFiles/cmTC_b25f3.dir/build
make[1]: Entering directory '/home/jakub/FIT-2016-2019/IVS/Project1/CMakeFiles/CMakeTmp'
Building C object CMakeFiles/cmTC_b25f3.dir/CheckFunctionExists.c.o
/usr/bin/cc    -g -O0 -fprofile-arcs -ftest-coverage -DCHECK_FUNCTION_EXISTS=pthread_create   -o CMakeFiles/cmTC_b25f3.dir/CheckFunctionExists.c.o   -c /usr/share/cmake-3.5/Modules/CheckFunctionExists.c
Linking C executable cmTC_b25f3
/usr/bin/cmake -E cmake_link_script CMakeFiles/cmTC_b25f3.dir/link.txt --verbose=1
/usr/bin/cc   -g -O0 -fprofile-arcs -ftest-coverage -DCHECK_FUNCTION_EXISTS=pthread_create    CMakeFiles/cmTC_b25f3.dir/CheckFunctionExists.c.o  -o cmTC_b25f3 -rdynamic -lpthreads 
/usr/bin/ld: cannot find -lpthreads
collect2: error: ld returned 1 exit status
CMakeFiles/cmTC_b25f3.dir/build.make:97: recipe for target 'cmTC_b25f3' failed
make[1]: *** [cmTC_b25f3] Error 1
make[1]: Leaving directory '/home/jakub/FIT-2016-2019/IVS/Project1/CMakeFiles/CMakeTmp'
Makefile:126: recipe for target 'cmTC_b25f3/fast' failed
make: *** [cmTC_b25f3/fast] Error 2


